<?xml version="1.0" encoding="UTF-8"?>
<!-- Generated by org.testng.reporters.JUnitReportReporter -->
<testsuite hostname="qaplanet38" name="excelTesting.ExcelOrangeHRM" tests="1" failures="0" timestamp="28 Jun 2017 10:30:47 GMT" time="20.430" errors="0">
  <testcase name="Testcase" time="20.430" classname="excelTesting.ExcelOrangeHRM"/>
</testsuite> <!-- excelTesting.ExcelOrangeHRM -->
