<?xml version="1.0" encoding="UTF-8"?>
<!-- Generated by org.testng.reporters.JUnitReportReporter -->
<testsuite hostname="qaplanet38" name="multipleWindowHandle.WindowHandle" tests="1" failures="0" timestamp="27 Jun 2017 04:42:57 GMT" time="30.359" errors="0">
  <testcase name="windowHandle" time="30.359" classname="multipleWindowHandle.WindowHandle"/>
</testsuite> <!-- multipleWindowHandle.WindowHandle -->
