<?xml version="1.0" encoding="UTF-8"?>
<!-- Generated by org.testng.reporters.JUnitReportReporter -->
<testsuite hostname="qaplanet38" name="excelFlipcart.ExcelFlipCart" tests="1" failures="0" timestamp="28 Jun 2017 12:35:32 GMT" time="17.418" errors="0">
  <testcase name="getTextFromFlipCart" time="17.418" classname="excelFlipcart.ExcelFlipCart"/>
</testsuite> <!-- excelFlipcart.ExcelFlipCart -->
