<?xml version="1.0" encoding="UTF-8"?>
<!-- Generated by org.testng.reporters.JUnitReportReporter -->
<testsuite hostname="qaplanet38" name="parameterPassing.ParameterPassing" tests="1" failures="0" timestamp="27 Jun 2017 05:27:42 GMT" time="8.580" errors="0">
  <testcase name="testParameterPassing" time="8.580" classname="parameterPassing.ParameterPassing"/>
</testsuite> <!-- parameterPassing.ParameterPassing -->
