<?xml version="1.0" encoding="UTF-8"?>
<!-- Generated by org.testng.reporters.JUnitReportReporter -->
<testsuite hostname="qaplanet38" name="excelFlipcartaAndRedBus.ExcelFlipCart" tests="1" failures="0" timestamp="29 Jun 2017 05:07:43 GMT" time="19.184" errors="0">
  <testcase name="getTextFromFlipCart" time="19.184" classname="excelFlipcartaAndRedBus.ExcelFlipCart"/>
</testsuite> <!-- excelFlipcartaAndRedBus.ExcelFlipCart -->
