<?xml version="1.0" encoding="UTF-8"?>
<!-- Generated by org.testng.reporters.JUnitReportReporter -->
<testsuite hostname="qaplanet38" name="lTestScript.OrangeHrmTestCase2" tests="1" failures="0" timestamp="3 Jul 2017 09:49:06 GMT" time="15.821" errors="0">
  <testcase name="addEmployee" time="15.821" classname="lTestScript.OrangeHrmTestCase2"/>
</testsuite> <!-- lTestScript.OrangeHrmTestCase2 -->
