<?xml version="1.0" encoding="UTF-8"?>
<!-- Generated by org.testng.reporters.JUnitReportReporter -->
<testsuite hostname="qaplanet38" name="grid.SeleniumGrid" tests="2" failures="0" timestamp="6 Jul 2017 10:04:14 GMT" time="34.884" errors="0">
  <testcase name="ApplicationAccess1" time="16.157" classname="grid.SeleniumGrid"/>
  <testcase name="ApplicationAccess2" time="18.727" classname="grid.SeleniumGrid"/>
</testsuite> <!-- grid.SeleniumGrid -->
