<?xml version="1.0" encoding="UTF-8"?>
<!-- Generated by org.testng.reporters.JUnitReportReporter -->
<testsuite hostname="qaplanet38" name="excelFlipcartaAndRedBus.ExpectedAndActualRedBus" tests="1" failures="0" timestamp="3 Jul 2017 09:12:26 GMT" time="25.291" errors="0">
  <testcase name="excelRedBus" time="25.291" classname="excelFlipcartaAndRedBus.ExpectedAndActualRedBus"/>
</testsuite> <!-- excelFlipcartaAndRedBus.ExpectedAndActualRedBus -->
