<?xml version="1.0" encoding="UTF-8"?>
<!-- Generated by org.testng.reporters.JUnitReportReporter -->
<testsuite hostname="qaplanet38" name="coreJavaExamples.WebDriverTest" tests="1" failures="0" timestamp="30 Jul 2017 05:55:38 GMT" time="1.831" errors="0">
  <testcase name="testUntitled" time="1.831" classname="coreJavaExamples.WebDriverTest"/>
</testsuite> <!-- coreJavaExamples.WebDriverTest -->
