<?xml version="1.0" encoding="UTF-8"?>
<!-- Generated by org.testng.reporters.JUnitReportReporter -->
<testsuite hostname="qaplanet38" name="excelFlipcartaAndRedBus.CompareRedBusDataWithExcel" tests="1" failures="0" timestamp="29 Jun 2017 05:12:19 GMT" time="25.049" errors="0">
  <testcase name="excelRedBus" time="25.049" classname="excelFlipcartaAndRedBus.CompareRedBusDataWithExcel"/>
</testsuite> <!-- excelFlipcartaAndRedBus.CompareRedBusDataWithExcel -->
