<?xml version="1.0" encoding="UTF-8"?>
<!-- Generated by org.testng.reporters.JUnitReportReporter -->
<testsuite hostname="qaplanet38" name="apachiPOIExcel.RedBusCompareExcel" tests="1" failures="0" timestamp="30 Jun 2017 10:05:35 GMT" time="32.158" errors="0">
  <testcase name="excelRedBus" time="32.158" classname="apachiPOIExcel.RedBusCompareExcel"/>
</testsuite> <!-- apachiPOIExcel.RedBusCompareExcel -->
