<?xml version="1.0" encoding="UTF-8"?>
<!-- Generated by org.testng.reporters.JUnitReportReporter -->
<testsuite hostname="qaplanet38" name="calenderAutomation.CalenderTest" tests="1" failures="0" timestamp="1 Sep 2017 13:58:25 GMT" time="55.494" errors="0">
  <testcase name="calenderTest" time="55.494" classname="calenderAutomation.CalenderTest"/>
</testsuite> <!-- calenderAutomation.CalenderTest -->
