<?xml version="1.0" encoding="UTF-8"?>
<!-- Generated by org.testng.reporters.JUnitReportReporter -->
<testsuite hostname="qaplanet38" name="coreJavaExamples.Test" tests="3" failures="0" timestamp="30 Jul 2017 05:16:31 GMT" time="0.015" errors="0">
  <testcase name="abc" time="0.015" classname="coreJavaExamples.Test"/>
  <testcase name="def" time="0.000" classname="coreJavaExamples.Test"/>
  <testcase name="xyz" time="0.000" classname="coreJavaExamples.Test"/>
</testsuite> <!-- coreJavaExamples.Test -->
