<?xml version="1.0" encoding="UTF-8"?>
<!-- Generated by org.testng.reporters.JUnitReportReporter -->
<testsuite hostname="qaplanet38" name="lTestScript.OrangeHrmTestCase1" tests="1" failures="0" timestamp="3 Jul 2017 09:49:06 GMT" time="12.728" errors="0">
  <testcase name="verifyLoginAndLogoutofOrangeHrm" time="12.728" classname="lTestScript.OrangeHrmTestCase1"/>
</testsuite> <!-- lTestScript.OrangeHrmTestCase1 -->
