<?xml version="1.0" encoding="UTF-8"?>
<!-- Generated by org.testng.reporters.JUnitReportReporter -->
<testsuite hostname="qaplanet38" name="apachiPOIExcel.RedBusExcel" tests="1" failures="0" timestamp="30 Jun 2017 10:04:35 GMT" time="30.243" errors="0">
  <testcase name="excelRedBus" time="30.243" classname="apachiPOIExcel.RedBusExcel"/>
</testsuite> <!-- apachiPOIExcel.RedBusExcel -->
