<?xml version="1.0" encoding="UTF-8"?>
<!-- Generated by org.testng.reporters.JUnitReportReporter -->
<testsuite hostname="qaplanet38" name="apachiPOIExcel.FlipCartUsing" tests="1" failures="0" timestamp="5 Jul 2017 05:37:17 GMT" time="27.072" errors="0">
  <testcase name="getTextFromFlipCartAndStroreInExcel" time="27.072" classname="apachiPOIExcel.FlipCartUsing"/>
</testsuite> <!-- apachiPOIExcel.FlipCartUsing -->
