<?xml version="1.0" encoding="UTF-8"?>
<!-- Generated by org.testng.reporters.JUnitReportReporter -->
<testsuite hostname="qaplanet38" name="multipleWindowHandle.WindowHandling" tests="1" failures="0" timestamp="27 Jun 2017 04:42:57 GMT" time="28.970" errors="0">
  <testcase name="windowHandling" time="28.970" classname="multipleWindowHandle.WindowHandling"/>
</testsuite> <!-- multipleWindowHandle.WindowHandling -->
