<?xml version="1.0" encoding="UTF-8"?>
<!-- Generated by org.testng.reporters.JUnitReportReporter -->
<testsuite hostname="qaplanet38" name="excelFlipcartaAndRedBus.ExcelRedBus" tests="1" failures="0" timestamp="3 Jul 2017 09:09:37 GMT" time="27.387" errors="0">
  <testcase name="excelRedBus" time="27.387" classname="excelFlipcartaAndRedBus.ExcelRedBus"/>
</testsuite> <!-- excelFlipcartaAndRedBus.ExcelRedBus -->
