<?xml version="1.0" encoding="UTF-8"?>
<!-- Generated by org.testng.reporters.JUnitReportReporter -->
<testsuite hostname="qaplanet38" name="excelTesting.ExcelReadandWriteOperation2" tests="1" failures="0" timestamp="28 Jun 2017 11:31:32 GMT" time="44.976" errors="0">
  <testcase name="TestCase" time="44.976" classname="excelTesting.ExcelReadandWriteOperation2"/>
</testsuite> <!-- excelTesting.ExcelReadandWriteOperation2 -->
